2025-07-23 21:07:49,671 - WARNING - ALERTS detected:
Service 'wuauserv' is not running.
2025-07-23 21:45:04,131 - WARNING - Alerts triggered:
Service 'BITS' is not running.
Service 'TermService' is not running.
2025-07-23 22:04:27,251 - WARNING - Alerts triggered:
Service 'wuauserv' is not running.
Service 'BITS' is not running.
Service 'TermService' is not running.
2025-07-23 22:14:10,078 - WARNING - Alerts triggered:
Service 'wuauserv' is not running.
Service 'BITS' is not running.
Service 'TermService' is not running.
2025-07-23 23:01:37,395 - WARNING - Alerts triggered:
Service 'wuauserv' is not running.
Service 'BITS' is not running.
Service 'TermService' is not running.
2025-07-23 23:07:44,176 - WARNING - Alerts triggered:
Service 'wuauserv' is not running.
Service 'BITS' is not running.
Service 'TermService' is not running.
2025-07-23 23:16:42,123 - WARNING - Alerts triggered:
Service 'wuauserv' is not running.
Service 'BITS' is not running.
Service 'TermService' is not running.
2025-07-23 23:19:37,387 - WARNING - Alerts triggered:
Service 'wuauserv' is not running.
Service 'BITS' is not running.
Service 'TermService' is not running.
2025-07-24 00:19:40,646 - WARNING - Alerts triggered:
 Alert from BOOK-TTAP77K5OP 

Service 'wuauserv' is not running.
Service 'BITS' is not running.
Service 'TermService' is not running.
2025-07-27 22:53:00,271 - WARNING - Alerts triggered:
 Alert from BOOK-TTAP77K5OP 

Service 'wuauserv' is not running.
Service 'BITS' is not running.
Service 'TermService' is not running.
2025-07-28 11:30:45,420 - WARNING - Alerts triggered:
 Alert from BOOK-TTAP77K5OP 

Service 'wuauserv' is not running.
Service 'BITS' is not running.
Service 'TermService' is not running.
2025-08-04 14:38:59,595 - WARNING - Alerts triggered:
 Alert from BOOK-TTAP77K5OP 


Service 'wuauserv' is not running.
Service 'BITS' is not running.
Service 'TermService' is not running.
2025-08-20 17:14:51,927 - WARNING - Alerts triggered:
 Alert from DESKTOP-HIIEB0D 

Service 'wuauserv' is not running.
Service 'BITS' is not running.
Service 'TermService' is not running.
